
General Information
  File: ./recordings/acmmm2011//./1920x1200/desktop.mov
  Dimensions: 1920 x 1200
  Coefficient Planes: 1
  Frames Rendered: 946

Configuration Information:
  Configuring NDDI as Cached Tiled.
  Tile Dimensions: 48x48
  Significant Bits: 4

Transmission Statistics:
  Total Pixel Data Updated (bytes): 8718336000 Total NDDI Cost (bytes): 1154938475 Ratio: 0.132472

Memory Statistics:
  Input Vector
    - Num Reads: 5197824000 - Bytes Read: 20791296000
    - Num Writes: 1 - Bytes Written: 4
  Coefficient Plane
    - Num Reads: 17326080000 - Bytes Read: 76234752000
    - Num Writes: 366398208 - Bytes Written: 1484024832
  Frame Volume
    - Num Reads: 1732608000 - Bytes Read: 6930432000
    - Num Writes: 310493952 - Bytes Written: 1241975808

Pixel Statistics:
  Pixel Mappings: 1732608000
  Pixel Blends: 0

Performance Statistics:
  Average FPS: 3.79908

Quality Statistics:
  MSE: 0.271311
  Total PSNR: 53.7961

CSV Headings:
Frames,Commands Sent,Bytes Transmitted,IV Num Reads,IV Bytes Read,IV Num Writes,IV Bytes Written,CP Num Reads,CP Bytes Read,CP Num Writes,CP Bytes Written,FV Num Reads,FV Bytes Read,FV Num Writes,FV Bytes Written,FV Time,Pixels Mapped,Pixels Blended,PSNR,File Name
946 , 2506 , 1154938475 , 5197824000 , 20791296000 , 1 , 4 , 17326080000 , 76234752000 , 366398208 , 1484024832 , 1732608000 , 6930432000 , 310493952 , 1241975808 , 0 , 1732608000 , 0 , 53.7961,./recordings/acmmm2011//./1920x1200/desktop.mov

General Information
  File: ./recordings/acmmm2011//./1920x1200/digg.mov
  Dimensions: 1920 x 1200
  Coefficient Planes: 1
  Frames Rendered: 629

Configuration Information:
  Configuring NDDI as Cached Tiled.
  Tile Dimensions: 48x48
  Significant Bits: 4

Transmission Statistics:
  Total Pixel Data Updated (bytes): 5796864000 Total NDDI Cost (bytes): 730391778 Ratio: 0.125998

Memory Statistics:
  Input Vector
    - Num Reads: 3532032000 - Bytes Read: 14128128000
    - Num Writes: 1 - Bytes Written: 4
  Coefficient Plane
    - Num Reads: 11773440000 - Bytes Read: 51803136000
    - Num Writes: 235360512 - Bytes Written: 959874048
  Frame Volume
    - Num Reads: 1177344000 - Bytes Read: 4709376000
    - Num Writes: 204837120 - Bytes Written: 819348480

Pixel Statistics:
  Pixel Mappings: 1177344000
  Pixel Blends: 0

Performance Statistics:
  Average FPS: 3.78741

Quality Statistics:
  MSE: 5.21943
  Total PSNR: 40.9546

CSV Headings:
Frames,Commands Sent,Bytes Transmitted,IV Num Reads,IV Bytes Read,IV Num Writes,IV Bytes Written,CP Num Reads,CP Bytes Read,CP Num Writes,CP Bytes Written,FV Num Reads,FV Bytes Read,FV Num Writes,FV Bytes Written,FV Time,Pixels Mapped,Pixels Blended,PSNR,File Name
629 , 2024 , 730391778 , 3532032000 , 14128128000 , 1 , 4 , 11773440000 , 51803136000 , 235360512 , 959874048 , 1177344000 , 4709376000 , 204837120 , 819348480 , 0 , 1177344000 , 0 , 40.9546,./recordings/acmmm2011//./1920x1200/digg.mov

General Information
  File: ./recordings/acmmm2011//./1920x1200/document.mov
  Dimensions: 1920 x 1200
  Coefficient Planes: 1
  Frames Rendered: 1249

Configuration Information:
  Configuring NDDI as Cached Tiled.
  Tile Dimensions: 48x48
  Significant Bits: 4

Transmission Statistics:
  Total Pixel Data Updated (bytes): 11510784000 Total NDDI Cost (bytes): 642755768 Ratio: 0.0558394

Memory Statistics:
  Input Vector
    - Num Reads: 5260032000 - Bytes Read: 21040128000
    - Num Writes: 1 - Bytes Written: 4
  Coefficient Plane
    - Num Reads: 17533440000 - Bytes Read: 77147136000
    - Num Writes: 332621568 - Bytes Written: 1348918272
  Frame Volume
    - Num Reads: 1753344000 - Bytes Read: 7013376000
    - Num Writes: 182702592 - Bytes Written: 730810368

Pixel Statistics:
  Pixel Mappings: 1753344000
  Pixel Blends: 0

Performance Statistics:
  Average FPS: 4.4345

Quality Statistics:
  MSE: 0.340189
  Total PSNR: 52.8136

CSV Headings:
Frames,Commands Sent,Bytes Transmitted,IV Num Reads,IV Bytes Read,IV Num Writes,IV Bytes Written,CP Num Reads,CP Bytes Read,CP Num Writes,CP Bytes Written,FV Num Reads,FV Bytes Read,FV Num Writes,FV Bytes Written,FV Time,Pixels Mapped,Pixels Blended,PSNR,File Name
1249 , 2524 , 642755768 , 5260032000 , 21040128000 , 1 , 4 , 17533440000 , 77147136000 , 332621568 , 1348918272 , 1753344000 , 7013376000 , 182702592 , 730810368 , 0 , 1753344000 , 0 , 52.8136,./recordings/acmmm2011//./1920x1200/document.mov

General Information
  File: ./recordings/acmmm2011//./1920x1200/email.mov
  Dimensions: 1920 x 1200
  Coefficient Planes: 1
  Frames Rendered: 1019

Configuration Information:
  Configuring NDDI as Cached Tiled.
  Tile Dimensions: 48x48
  Significant Bits: 4

Transmission Statistics:
  Total Pixel Data Updated (bytes): 9391104000 Total NDDI Cost (bytes): 563808103 Ratio: 0.0600364

Memory Statistics:
  Input Vector
    - Num Reads: 4893696000 - Bytes Read: 19574784000
    - Num Writes: 1 - Bytes Written: 4
  Coefficient Plane
    - Num Reads: 16312320000 - Bytes Read: 71774208000
    - Num Writes: 415777536 - Bytes Written: 1681542144
  Frame Volume
    - Num Reads: 1631232000 - Bytes Read: 6524928000
    - Num Writes: 162775296 - Bytes Written: 651101184

Pixel Statistics:
  Pixel Mappings: 1631232000
  Pixel Blends: 0

Performance Statistics:
  Average FPS: 4.49457

Quality Statistics:
  MSE: 1.00886
  Total PSNR: 48.0925

CSV Headings:
Frames,Commands Sent,Bytes Transmitted,IV Num Reads,IV Bytes Read,IV Num Writes,IV Bytes Written,CP Num Reads,CP Bytes Read,CP Num Writes,CP Bytes Written,FV Num Reads,FV Bytes Read,FV Num Writes,FV Bytes Written,FV Time,Pixels Mapped,Pixels Blended,PSNR,File Name
1019 , 2418 , 563808103 , 4893696000 , 19574784000 , 1 , 4 , 16312320000 , 71774208000 , 415777536 , 1681542144 , 1631232000 , 6524928000 , 162775296 , 651101184 , 0 , 1631232000 , 0 , 48.0925,./recordings/acmmm2011//./1920x1200/email.mov

General Information
  File: ./recordings/acmmm2011//./1920x1200/flickr.mov
  Dimensions: 1920 x 1200
  Coefficient Planes: 1
  Frames Rendered: 1005

Configuration Information:
  Configuring NDDI as Cached Tiled.
  Tile Dimensions: 48x48
  Significant Bits: 4

Transmission Statistics:
  Total Pixel Data Updated (bytes): 9262080000 Total NDDI Cost (bytes): 1287050027 Ratio: 0.138959

Memory Statistics:
  Input Vector
    - Num Reads: 5280768000 - Bytes Read: 21123072000
    - Num Writes: 1 - Bytes Written: 4
  Coefficient Plane
    - Num Reads: 17602560000 - Bytes Read: 77451264000
    - Num Writes: 395949312 - Bytes Written: 1602229248
  Frame Volume
    - Num Reads: 1760256000 - Bytes Read: 7041024000
    - Num Writes: 343401984 - Bytes Written: 1373607936

Pixel Statistics:
  Pixel Mappings: 1760256000
  Pixel Blends: 0

Performance Statistics:
  Average FPS: 6.16519

Quality Statistics:
  MSE: 0.312126
  Total PSNR: 53.1875

CSV Headings:
Frames,Commands Sent,Bytes Transmitted,IV Num Reads,IV Bytes Read,IV Num Writes,IV Bytes Written,CP Num Reads,CP Bytes Read,CP Num Writes,CP Bytes Written,FV Num Reads,FV Bytes Read,FV Num Writes,FV Bytes Written,FV Time,Pixels Mapped,Pixels Blended,PSNR,File Name
1005 , 2530 , 1287050027 , 5280768000 , 21123072000 , 1 , 4 , 17602560000 , 77451264000 , 395949312 , 1602229248 , 1760256000 , 7041024000 , 343401984 , 1373607936 , 0 , 1760256000 , 0 , 53.1875,./recordings/acmmm2011//./1920x1200/flickr.mov

General Information
  File: ./recordings/acmmm2011//./1920x1200/maps.mov
  Dimensions: 1920 x 1200
  Coefficient Planes: 1
  Frames Rendered: 1496

Configuration Information:
  Configuring NDDI as Cached Tiled.
  Tile Dimensions: 48x48
  Significant Bits: 4

Transmission Statistics:
  Total Pixel Data Updated (bytes): 13787136000 Total NDDI Cost (bytes): 2143498245 Ratio: 0.155471

Memory Statistics:
  Input Vector
    - Num Reads: 7119360000 - Bytes Read: 28477440000
    - Num Writes: 1 - Bytes Written: 4
  Coefficient Plane
    - Num Reads: 23731200000 - Bytes Read: 104417280000
    - Num Writes: 1263449088 - Bytes Written: 5072228352
  Frame Volume
    - Num Reads: 2373120000 - Bytes Read: 9492480000
    - Num Writes: 554978304 - Bytes Written: 2219913216

Pixel Statistics:
  Pixel Mappings: 2373120000
  Pixel Blends: 0

Performance Statistics:
  Average FPS: 6.18477

Quality Statistics:
  MSE: 0.0376094
  Total PSNR: 62.3778

CSV Headings:
Frames,Commands Sent,Bytes Transmitted,IV Num Reads,IV Bytes Read,IV Num Writes,IV Bytes Written,CP Num Reads,CP Bytes Read,CP Num Writes,CP Bytes Written,FV Num Reads,FV Bytes Read,FV Num Writes,FV Bytes Written,FV Time,Pixels Mapped,Pixels Blended,PSNR,File Name
1496 , 3062 , 2143498245 , 7119360000 , 28477440000 , 1 , 4 , 23731200000 , 104417280000 , 1263449088 , 5072228352 , 2373120000 , 9492480000 , 554978304 , 2219913216 , 0 , 2373120000 , 0 , 62.3778,./recordings/acmmm2011//./1920x1200/maps.mov

General Information
  File: ./recordings/acmmm2011//./1920x1200/npr.mov
  Dimensions: 1920 x 1200
  Coefficient Planes: 1
  Frames Rendered: 889

Configuration Information:
  Configuring NDDI as Cached Tiled.
  Tile Dimensions: 48x48
  Significant Bits: 4

Transmission Statistics:
  Total Pixel Data Updated (bytes): 8193024000 Total NDDI Cost (bytes): 985944867 Ratio: 0.12034

Memory Statistics:
  Input Vector
    - Num Reads: 4091904000 - Bytes Read: 16367616000
    - Num Writes: 1 - Bytes Written: 4
  Coefficient Plane
    - Num Reads: 13639680000 - Bytes Read: 60014592000
    - Num Writes: 374512896 - Bytes Written: 1516483584
  Frame Volume
    - Num Reads: 1363968000 - Bytes Read: 5455872000
    - Num Writes: 268280064 - Bytes Written: 1073120256

Pixel Statistics:
  Pixel Mappings: 1363968000
  Pixel Blends: 0

Performance Statistics:
  Average FPS: 6.79006

Quality Statistics:
  MSE: 0.636657
  Total PSNR: 50.0917

CSV Headings:
Frames,Commands Sent,Bytes Transmitted,IV Num Reads,IV Bytes Read,IV Num Writes,IV Bytes Written,CP Num Reads,CP Bytes Read,CP Num Writes,CP Bytes Written,FV Num Reads,FV Bytes Read,FV Num Writes,FV Bytes Written,FV Time,Pixels Mapped,Pixels Blended,PSNR,File Name
889 , 2186 , 985944867 , 4091904000 , 16367616000 , 1 , 4 , 13639680000 , 60014592000 , 374512896 , 1516483584 , 1363968000 , 5455872000 , 268280064 , 1073120256 , 0 , 1363968000 , 0 , 50.0917,./recordings/acmmm2011//./1920x1200/npr.mov

General Information
  File: ./recordings/acmmm2011//./1920x1200/presentation.mov
  Dimensions: 1920 x 1200
  Coefficient Planes: 1
  Frames Rendered: 949

Configuration Information:
  Configuring NDDI as Cached Tiled.
  Tile Dimensions: 48x48
  Significant Bits: 4

Transmission Statistics:
  Total Pixel Data Updated (bytes): 8745984000 Total NDDI Cost (bytes): 146397811 Ratio: 0.0167389

Memory Statistics:
  Input Vector
    - Num Reads: 995328000 - Bytes Read: 3981312000
    - Num Writes: 1 - Bytes Written: 4
  Coefficient Plane
    - Num Reads: 3317760000 - Bytes Read: 14598144000
    - Num Writes: 125224704 - Bytes Written: 519330816
  Frame Volume
    - Num Reads: 331776000 - Bytes Read: 1327104000
    - Num Writes: 59316480 - Bytes Written: 237265920

Pixel Statistics:
  Pixel Mappings: 331776000
  Pixel Blends: 0

Performance Statistics:
  Average FPS: 18.4095

Quality Statistics:
  MSE: 3.76671
  Total PSNR: 42.3712

CSV Headings:
Frames,Commands Sent,Bytes Transmitted,IV Num Reads,IV Bytes Read,IV Num Writes,IV Bytes Written,CP Num Reads,CP Bytes Read,CP Num Writes,CP Bytes Written,FV Num Reads,FV Bytes Read,FV Num Writes,FV Bytes Written,FV Time,Pixels Mapped,Pixels Blended,PSNR,File Name
949 , 1290 , 146397811 , 995328000 , 3981312000 , 1 , 4 , 3317760000 , 14598144000 , 125224704 , 519330816 , 331776000 , 1327104000 , 59316480 , 237265920 , 0 , 331776000 , 0 , 42.3712,./recordings/acmmm2011//./1920x1200/presentation.mov

General Information
  File: ./recordings/acmmm2011//./1920x1200/slideshow.mov
  Dimensions: 1920 x 1200
  Coefficient Planes: 1
  Frames Rendered: 1304

Configuration Information:
  Configuring NDDI as Cached Tiled.
  Tile Dimensions: 48x48
  Significant Bits: 4

Transmission Statistics:
  Total Pixel Data Updated (bytes): 12017664000 Total NDDI Cost (bytes): 1422655157 Ratio: 0.11838

Memory Statistics:
  Input Vector
    - Num Reads: 5736960000 - Bytes Read: 22947840000
    - Num Writes: 1 - Bytes Written: 4
  Coefficient Plane
    - Num Reads: 19123200000 - Bytes Read: 84142080000
    - Num Writes: 720930816 - Bytes Written: 2902155264
  Frame Volume
    - Num Reads: 1912320000 - Bytes Read: 7649280000
    - Num Writes: 376413696 - Bytes Written: 1505654784

Pixel Statistics:
  Pixel Mappings: 1912320000
  Pixel Blends: 0

Performance Statistics:
  Average FPS: 6.75174

Quality Statistics:
  MSE: 0.0836089
  Total PSNR: 58.9083

CSV Headings:
Frames,Commands Sent,Bytes Transmitted,IV Num Reads,IV Bytes Read,IV Num Writes,IV Bytes Written,CP Num Reads,CP Bytes Read,CP Num Writes,CP Bytes Written,FV Num Reads,FV Bytes Read,FV Num Writes,FV Bytes Written,FV Time,Pixels Mapped,Pixels Blended,PSNR,File Name
1304 , 2662 , 1422655157 , 5736960000 , 22947840000 , 1 , 4 , 19123200000 , 84142080000 , 720930816 , 2902155264 , 1912320000 , 7649280000 , 376413696 , 1505654784 , 0 , 1912320000 , 0 , 58.9083,./recordings/acmmm2011//./1920x1200/slideshow.mov

General Information
  File: ./recordings/acmmm2011//./1920x1200/xcode.mov
  Dimensions: 1920 x 1200
  Coefficient Planes: 1
  Frames Rendered: 1498

Configuration Information:
  Configuring NDDI as Cached Tiled.
  Tile Dimensions: 48x48
  Significant Bits: 4

Transmission Statistics:
  Total Pixel Data Updated (bytes): 13805568000 Total NDDI Cost (bytes): 882547868 Ratio: 0.063927

Memory Statistics:
  Input Vector
    - Num Reads: 7582464000 - Bytes Read: 30329856000
    - Num Writes: 1 - Bytes Written: 4
  Coefficient Plane
    - Num Reads: 25274880000 - Bytes Read: 111209472000
    - Num Writes: 504177408 - Bytes Written: 2035141632
  Frame Volume
    - Num Reads: 2527488000 - Bytes Read: 10109952000
    - Num Writes: 242125056 - Bytes Written: 968500224

Pixel Statistics:
  Pixel Mappings: 2527488000
  Pixel Blends: 0

Performance Statistics:
  Average FPS: 4.04808

Quality Statistics:
  MSE: 0.170068
  Total PSNR: 55.8246

CSV Headings:
Frames,Commands Sent,Bytes Transmitted,IV Num Reads,IV Bytes Read,IV Num Writes,IV Bytes Written,CP Num Reads,CP Bytes Read,CP Num Writes,CP Bytes Written,FV Num Reads,FV Bytes Read,FV Num Writes,FV Bytes Written,FV Time,Pixels Mapped,Pixels Blended,PSNR,File Name
1498 , 3196 , 882547868 , 7582464000 , 30329856000 , 1 , 4 , 25274880000 , 111209472000 , 504177408 , 2035141632 , 2527488000 , 10109952000 , 242125056 , 968500224 , 0 , 2527488000 , 0 , 55.8246,./recordings/acmmm2011//./1920x1200/xcode.mov

General Information
  File: ./recordings/acmmm2011//./1920x1200/youtube.mov
  Dimensions: 1920 x 1200
  Coefficient Planes: 1
  Frames Rendered: 1052

Configuration Information:
  Configuring NDDI as Cached Tiled.
  Tile Dimensions: 48x48
  Significant Bits: 4

Transmission Statistics:
  Total Pixel Data Updated (bytes): 9695232000 Total NDDI Cost (bytes): 1646634861 Ratio: 0.16984

Memory Statistics:
  Input Vector
    - Num Reads: 6704640000 - Bytes Read: 26818560000
    - Num Writes: 1 - Bytes Written: 4
  Coefficient Plane
    - Num Reads: 22348800000 - Bytes Read: 98334720000
    - Num Writes: 489263616 - Bytes Written: 1975486464
  Frame Volume
    - Num Reads: 2234880000 - Bytes Read: 8939520000
    - Num Writes: 432937728 - Bytes Written: 1731750912

Pixel Statistics:
  Pixel Mappings: 2234880000
  Pixel Blends: 0

Performance Statistics:
  Average FPS: 3.80247

Quality Statistics:
  MSE: 1.12397
  Total PSNR: 47.6233

CSV Headings:
Frames,Commands Sent,Bytes Transmitted,IV Num Reads,IV Bytes Read,IV Num Writes,IV Bytes Written,CP Num Reads,CP Bytes Read,CP Num Writes,CP Bytes Written,FV Num Reads,FV Bytes Read,FV Num Writes,FV Bytes Written,FV Time,Pixels Mapped,Pixels Blended,PSNR,File Name
1052 , 2942 , 1646634861 , 6704640000 , 26818560000 , 1 , 4 , 22348800000 , 98334720000 , 489263616 , 1975486464 , 2234880000 , 8939520000 , 432937728 , 1731750912 , 0 , 2234880000 , 0 , 47.6233,./recordings/acmmm2011//./1920x1200/youtube.mov

General Information
  File: ./recordings/acmmm2011//./1440x900/desktop.mov
  Dimensions: 1440 x 900
  Coefficient Planes: 1
  Frames Rendered: 946

Configuration Information:
  Configuring NDDI as Cached Tiled.
  Tile Dimensions: 36x36
  Significant Bits: 4

Transmission Statistics:
  Total Pixel Data Updated (bytes): 4904064000 Total NDDI Cost (bytes): 612066550 Ratio: 0.124808

Memory Statistics:
  Input Vector
    - Num Reads: 2950992000 - Bytes Read: 11803968000
    - Num Writes: 1 - Bytes Written: 4
  Coefficient Plane
    - Num Reads: 9836640000 - Bytes Read: 43281216000
    - Num Writes: 191493072 - Bytes Written: 776340288
  Frame Volume
    - Num Reads: 983664000 - Bytes Read: 3934656000
    - Num Writes: 164786400 - Bytes Written: 659145600

Pixel Statistics:
  Pixel Mappings: 983664000
  Pixel Blends: 0

Performance Statistics:
  Average FPS: 10.0616

Quality Statistics:
  MSE: 0.189849
  Total PSNR: 55.3467

CSV Headings:
Frames,Commands Sent,Bytes Transmitted,IV Num Reads,IV Bytes Read,IV Num Writes,IV Bytes Written,CP Num Reads,CP Bytes Read,CP Num Writes,CP Bytes Written,FV Num Reads,FV Bytes Read,FV Num Writes,FV Bytes Written,FV Time,Pixels Mapped,Pixels Blended,PSNR,File Name
946 , 2520 , 612066550 , 2950992000 , 11803968000 , 1 , 4 , 9836640000 , 43281216000 , 191493072 , 776340288 , 983664000 , 3934656000 , 164786400 , 659145600 , 0 , 983664000 , 0 , 55.3467,./recordings/acmmm2011//./1440x900/desktop.mov

General Information
  File: ./recordings/acmmm2011//./1440x900/digg.mov
  Dimensions: 1440 x 900
  Coefficient Planes: 1
  Frames Rendered: 629

Configuration Information:
  Configuring NDDI as Cached Tiled.
  Tile Dimensions: 36x36
  Significant Bits: 4

Transmission Statistics:
  Total Pixel Data Updated (bytes): 3260736000 Total NDDI Cost (bytes): 358396091 Ratio: 0.109913

Memory Statistics:
  Input Vector
    - Num Reads: 2037312000 - Bytes Read: 8149248000
    - Num Writes: 1 - Bytes Written: 4
  Coefficient Plane
    - Num Reads: 6791040000 - Bytes Read: 29880576000
    - Num Writes: 115857216 - Bytes Written: 473796864
  Frame Volume
    - Num Reads: 679104000 - Bytes Read: 2716416000
    - Num Writes: 101865600 - Bytes Written: 407462400

Pixel Statistics:
  Pixel Mappings: 679104000
  Pixel Blends: 0

Performance Statistics:
  Average FPS: 7.96949

Quality Statistics:
  MSE: 5.16175
  Total PSNR: 41.0028

CSV Headings:
Frames,Commands Sent,Bytes Transmitted,IV Num Reads,IV Bytes Read,IV Num Writes,IV Bytes Written,CP Num Reads,CP Bytes Read,CP Num Writes,CP Bytes Written,FV Num Reads,FV Bytes Read,FV Num Writes,FV Bytes Written,FV Time,Pixels Mapped,Pixels Blended,PSNR,File Name
629 , 2050 , 358396091 , 2037312000 , 8149248000 , 1 , 4 , 6791040000 , 29880576000 , 115857216 , 473796864 , 679104000 , 2716416000 , 101865600 , 407462400 , 0 , 679104000 , 0 , 41.0028,./recordings/acmmm2011//./1440x900/digg.mov

General Information
  File: ./recordings/acmmm2011//./1440x900/document.mov
  Dimensions: 1440 x 900
  Coefficient Planes: 1
  Frames Rendered: 1249

Configuration Information:
  Configuring NDDI as Cached Tiled.
  Tile Dimensions: 36x36
  Significant Bits: 4

Transmission Statistics:
  Total Pixel Data Updated (bytes): 6474816000 Total NDDI Cost (bytes): 347361022 Ratio: 0.053648

Memory Statistics:
  Input Vector
    - Num Reads: 3044304000 - Bytes Read: 12177216000
    - Num Writes: 1 - Bytes Written: 4
  Coefficient Plane
    - Num Reads: 10147680000 - Bytes Read: 44649792000
    - Num Writes: 162263088 - Bytes Written: 659420352
  Frame Volume
    - Num Reads: 1014768000 - Bytes Read: 4059072000
    - Num Writes: 98897760 - Bytes Written: 395591040

Pixel Statistics:
  Pixel Mappings: 1014768000
  Pixel Blends: 0

Performance Statistics:
  Average FPS: 7.70488

Quality Statistics:
  MSE: 0.310193
  Total PSNR: 53.2145

CSV Headings:
Frames,Commands Sent,Bytes Transmitted,IV Num Reads,IV Bytes Read,IV Num Writes,IV Bytes Written,CP Num Reads,CP Bytes Read,CP Num Writes,CP Bytes Written,FV Num Reads,FV Bytes Read,FV Num Writes,FV Bytes Written,FV Time,Pixels Mapped,Pixels Blended,PSNR,File Name
1249 , 2568 , 347361022 , 3044304000 , 12177216000 , 1 , 4 , 10147680000 , 44649792000 , 162263088 , 659420352 , 1014768000 , 4059072000 , 98897760 , 395591040 , 0 , 1014768000 , 0 , 53.2145,./recordings/acmmm2011//./1440x900/document.mov

General Information
  File: ./recordings/acmmm2011//./1440x900/email.mov
  Dimensions: 1440 x 900
  Coefficient Planes: 1
  Frames Rendered: 1019

Configuration Information:
  Configuring NDDI as Cached Tiled.
  Tile Dimensions: 36x36
  Significant Bits: 4

Transmission Statistics:
  Total Pixel Data Updated (bytes): 5282496000 Total NDDI Cost (bytes): 285551974 Ratio: 0.0540563

Memory Statistics:
  Input Vector
    - Num Reads: 2764368000 - Bytes Read: 11057472000
    - Num Writes: 1 - Bytes Written: 4
  Coefficient Plane
    - Num Reads: 9214560000 - Bytes Read: 40544064000
    - Num Writes: 225318672 - Bytes Written: 911642688
  Frame Volume
    - Num Reads: 921456000 - Bytes Read: 3685824000
    - Num Writes: 83190240 - Bytes Written: 332760960

Pixel Statistics:
  Pixel Mappings: 921456000
  Pixel Blends: 0

Performance Statistics:
  Average FPS: 7.24846

Quality Statistics:
  MSE: 0.0830802
  Total PSNR: 58.9358

CSV Headings:
Frames,Commands Sent,Bytes Transmitted,IV Num Reads,IV Bytes Read,IV Num Writes,IV Bytes Written,CP Num Reads,CP Bytes Read,CP Num Writes,CP Bytes Written,FV Num Reads,FV Bytes Read,FV Num Writes,FV Bytes Written,FV Time,Pixels Mapped,Pixels Blended,PSNR,File Name
1019 , 2424 , 285551974 , 2764368000 , 11057472000 , 1 , 4 , 9214560000 , 40544064000 , 225318672 , 911642688 , 921456000 , 3685824000 , 83190240 , 332760960 , 0 , 921456000 , 0 , 58.9358,./recordings/acmmm2011//./1440x900/email.mov

General Information
  File: ./recordings/acmmm2011//./1440x900/flickr.mov
  Dimensions: 1440 x 900
  Coefficient Planes: 1
  Frames Rendered: 1005

Configuration Information:
  Configuring NDDI as Cached Tiled.
  Tile Dimensions: 36x36
  Significant Bits: 4

Transmission Statistics:
  Total Pixel Data Updated (bytes): 5209920000 Total NDDI Cost (bytes): 697522007 Ratio: 0.133883

Memory Statistics:
  Input Vector
    - Num Reads: 3017088000 - Bytes Read: 12068352000
    - Num Writes: 1 - Bytes Written: 4
  Coefficient Plane
    - Num Reads: 10056960000 - Bytes Read: 44250624000
    - Num Writes: 223013088 - Bytes Written: 902420352
  Frame Volume
    - Num Reads: 1005696000 - Bytes Read: 4022784000
    - Num Writes: 185955264 - Bytes Written: 743821056

Pixel Statistics:
  Pixel Mappings: 1005696000
  Pixel Blends: 0

Performance Statistics:
  Average FPS: 6.81772

Quality Statistics:
  MSE: 0.317288
  Total PSNR: 53.1163

CSV Headings:
Frames,Commands Sent,Bytes Transmitted,IV Num Reads,IV Bytes Read,IV Num Writes,IV Bytes Written,CP Num Reads,CP Bytes Read,CP Num Writes,CP Bytes Written,FV Num Reads,FV Bytes Read,FV Num Writes,FV Bytes Written,FV Time,Pixels Mapped,Pixels Blended,PSNR,File Name
1005 , 2554 , 697522007 , 3017088000 , 12068352000 , 1 , 4 , 10056960000 , 44250624000 , 223013088 , 902420352 , 1005696000 , 4022784000 , 185955264 , 743821056 , 0 , 1005696000 , 0 , 53.1163,./recordings/acmmm2011//./1440x900/flickr.mov

General Information
  File: ./recordings/acmmm2011//./1440x900/maps.mov
  Dimensions: 1440 x 900
  Coefficient Planes: 1
  Frames Rendered: 1496

Configuration Information:
  Configuring NDDI as Cached Tiled.
  Tile Dimensions: 36x36
  Significant Bits: 4

Transmission Statistics:
  Total Pixel Data Updated (bytes): 7755264000 Total NDDI Cost (bytes): 1065847333 Ratio: 0.137435

Memory Statistics:
  Input Vector
    - Num Reads: 3989088000 - Bytes Read: 15956352000
    - Num Writes: 1 - Bytes Written: 4
  Coefficient Plane
    - Num Reads: 13296960000 - Bytes Read: 58506624000
    - Num Writes: 630001152 - Bytes Written: 2530372608
  Frame Volume
    - Num Reads: 1329696000 - Bytes Read: 5318784000
    - Num Writes: 275943024 - Bytes Written: 1103772096

Pixel Statistics:
  Pixel Mappings: 1329696000
  Pixel Blends: 0

Performance Statistics:
  Average FPS: 8.46569

Quality Statistics:
  MSE: 0.487979
  Total PSNR: 51.2468

CSV Headings:
Frames,Commands Sent,Bytes Transmitted,IV Num Reads,IV Bytes Read,IV Num Writes,IV Bytes Written,CP Num Reads,CP Bytes Read,CP Num Writes,CP Bytes Written,FV Num Reads,FV Bytes Read,FV Num Writes,FV Bytes Written,FV Time,Pixels Mapped,Pixels Blended,PSNR,File Name
1496 , 3054 , 1065847333 , 3989088000 , 15956352000 , 1 , 4 , 13296960000 , 58506624000 , 630001152 , 2530372608 , 1329696000 , 5318784000 , 275943024 , 1103772096 , 0 , 1329696000 , 0 , 51.2468,./recordings/acmmm2011//./1440x900/maps.mov

General Information
  File: ./recordings/acmmm2011//./1440x900/npr.mov
  Dimensions: 1440 x 900
  Coefficient Planes: 1
  Frames Rendered: 889

Configuration Information:
  Configuring NDDI as Cached Tiled.
  Tile Dimensions: 36x36
  Significant Bits: 4

Transmission Statistics:
  Total Pixel Data Updated (bytes): 4608576000 Total NDDI Cost (bytes): 472443086 Ratio: 0.102514

Memory Statistics:
  Input Vector
    - Num Reads: 2422224000 - Bytes Read: 9688896000
    - Num Writes: 1 - Bytes Written: 4
  Coefficient Plane
    - Num Reads: 8074080000 - Bytes Read: 35525952000
    - Num Writes: 206394480 - Bytes Written: 835945920
  Frame Volume
    - Num Reads: 807408000 - Bytes Read: 3229632000
    - Num Writes: 129892896 - Bytes Written: 519571584

Pixel Statistics:
  Pixel Mappings: 807408000
  Pixel Blends: 0

Performance Statistics:
  Average FPS: 11.4711

Quality Statistics:
  MSE: 1.42221
  Total PSNR: 46.6012

CSV Headings:
Frames,Commands Sent,Bytes Transmitted,IV Num Reads,IV Bytes Read,IV Num Writes,IV Bytes Written,CP Num Reads,CP Bytes Read,CP Num Writes,CP Bytes Written,FV Num Reads,FV Bytes Read,FV Num Writes,FV Bytes Written,FV Time,Pixels Mapped,Pixels Blended,PSNR,File Name
889 , 2248 , 472443086 , 2422224000 , 9688896000 , 1 , 4 , 8074080000 , 35525952000 , 206394480 , 835945920 , 807408000 , 3229632000 , 129892896 , 519571584 , 0 , 807408000 , 0 , 46.6012,./recordings/acmmm2011//./1440x900/npr.mov

General Information
  File: ./recordings/acmmm2011//./1440x900/presentation.mov
  Dimensions: 1440 x 900
  Coefficient Planes: 1
  Frames Rendered: 949

Configuration Information:
  Configuring NDDI as Cached Tiled.
  Tile Dimensions: 36x36
  Significant Bits: 4

Transmission Statistics:
  Total Pixel Data Updated (bytes): 4919616000 Total NDDI Cost (bytes): 78859493 Ratio: 0.0160296

Memory Statistics:
  Input Vector
    - Num Reads: 614304000 - Bytes Read: 2457216000
    - Num Writes: 1 - Bytes Written: 4
  Coefficient Plane
    - Num Reads: 2047680000 - Bytes Read: 9009792000
    - Num Writes: 61641648 - Bytes Written: 256934592
  Frame Volume
    - Num Reads: 204768000 - Bytes Read: 819072000
    - Num Writes: 32394816 - Bytes Written: 129579264

Pixel Statistics:
  Pixel Mappings: 204768000
  Pixel Blends: 0

Performance Statistics:
  Average FPS: 30.6962

Quality Statistics:
  MSE: 3.80558
  Total PSNR: 42.3266

CSV Headings:
Frames,Commands Sent,Bytes Transmitted,IV Num Reads,IV Bytes Read,IV Num Writes,IV Bytes Written,CP Num Reads,CP Bytes Read,CP Num Writes,CP Bytes Written,FV Num Reads,FV Bytes Read,FV Num Writes,FV Bytes Written,FV Time,Pixels Mapped,Pixels Blended,PSNR,File Name
949 , 1318 , 78859493 , 614304000 , 2457216000 , 1 , 4 , 2047680000 , 9009792000 , 61641648 , 256934592 , 204768000 , 819072000 , 32394816 , 129579264 , 0 , 204768000 , 0 , 42.3266,./recordings/acmmm2011//./1440x900/presentation.mov

General Information
  File: ./recordings/acmmm2011//./1440x900/slideshow.mov
  Dimensions: 1440 x 900
  Coefficient Planes: 1
  Frames Rendered: 1304

Configuration Information:
  Configuring NDDI as Cached Tiled.
  Tile Dimensions: 36x36
  Significant Bits: 4

Transmission Statistics:
  Total Pixel Data Updated (bytes): 6759936000 Total NDDI Cost (bytes): 723123036 Ratio: 0.106972

Memory Statistics:
  Input Vector
    - Num Reads: 3223152000 - Bytes Read: 12892608000
    - Num Writes: 1 - Bytes Written: 4
  Coefficient Plane
    - Num Reads: 10743840000 - Bytes Read: 47272896000
    - Num Writes: 334935648 - Bytes Written: 1350110592
  Frame Volume
    - Num Reads: 1074384000 - Bytes Read: 4297536000
    - Num Writes: 191823552 - Bytes Written: 767294208

Pixel Statistics:
  Pixel Mappings: 1074384000
  Pixel Blends: 0

Performance Statistics:
  Average FPS: 12.2183

Quality Statistics:
  MSE: 0.0896218
  Total PSNR: 58.6067

CSV Headings:
Frames,Commands Sent,Bytes Transmitted,IV Num Reads,IV Bytes Read,IV Num Writes,IV Bytes Written,CP Num Reads,CP Bytes Read,CP Num Writes,CP Bytes Written,FV Num Reads,FV Bytes Read,FV Num Writes,FV Bytes Written,FV Time,Pixels Mapped,Pixels Blended,PSNR,File Name
1304 , 2660 , 723123036 , 3223152000 , 12892608000 , 1 , 4 , 10743840000 , 47272896000 , 334935648 , 1350110592 , 1074384000 , 4297536000 , 191823552 , 767294208 , 0 , 1074384000 , 0 , 58.6067,./recordings/acmmm2011//./1440x900/slideshow.mov

General Information
  File: ./recordings/acmmm2011//./1440x900/xcode.mov
  Dimensions: 1440 x 900
  Coefficient Planes: 1
  Frames Rendered: 1498

Configuration Information:
  Configuring NDDI as Cached Tiled.
  Tile Dimensions: 36x36
  Significant Bits: 4

Transmission Statistics:
  Total Pixel Data Updated (bytes): 7765632000 Total NDDI Cost (bytes): 418398813 Ratio: 0.0538783

Memory Statistics:
  Input Vector
    - Num Reads: 4191264000 - Bytes Read: 16765056000
    - Num Writes: 1 - Bytes Written: 4
  Coefficient Plane
    - Num Reads: 13970880000 - Bytes Read: 61471872000
    - Num Writes: 288712512 - Bytes Written: 1165218048
  Frame Volume
    - Num Reads: 1397088000 - Bytes Read: 5588352000
    - Num Writes: 116030880 - Bytes Written: 464123520

Pixel Statistics:
  Pixel Mappings: 1397088000
  Pixel Blends: 0

Performance Statistics:
  Average FPS: 11.5168

Quality Statistics:
  MSE: 0.113961
  Total PSNR: 57.5632

CSV Headings:
Frames,Commands Sent,Bytes Transmitted,IV Num Reads,IV Bytes Read,IV Num Writes,IV Bytes Written,CP Num Reads,CP Bytes Read,CP Num Writes,CP Bytes Written,FV Num Reads,FV Bytes Read,FV Num Writes,FV Bytes Written,FV Time,Pixels Mapped,Pixels Blended,PSNR,File Name
1498 , 3158 , 418398813 , 4191264000 , 16765056000 , 1 , 4 , 13970880000 , 61471872000 , 288712512 , 1165218048 , 1397088000 , 5588352000 , 116030880 , 464123520 , 0 , 1397088000 , 0 , 57.5632,./recordings/acmmm2011//./1440x900/xcode.mov

General Information
  File: ./recordings/acmmm2011//./1440x900/youtube.mov
  Dimensions: 1440 x 900
  Coefficient Planes: 1
  Frames Rendered: 1052

Configuration Information:
  Configuring NDDI as Cached Tiled.
  Tile Dimensions: 36x36
  Significant Bits: 4

Transmission Statistics:
  Total Pixel Data Updated (bytes): 5453568000 Total NDDI Cost (bytes): 879721077 Ratio: 0.161311

Memory Statistics:
  Input Vector
    - Num Reads: 3771360000 - Bytes Read: 15085440000
    - Num Writes: 1 - Bytes Written: 4
  Coefficient Plane
    - Num Reads: 12571200000 - Bytes Read: 55313280000
    - Num Writes: 259943904 - Bytes Written: 1050143616
  Frame Volume
    - Num Reads: 1257120000 - Bytes Read: 5028480000
    - Num Writes: 231228432 - Bytes Written: 924913728

Pixel Statistics:
  Pixel Mappings: 1257120000
  Pixel Blends: 0

Performance Statistics:
  Average FPS: 9.18486

Quality Statistics:
  MSE: 0.482002
  Total PSNR: 51.3003

CSV Headings:
Frames,Commands Sent,Bytes Transmitted,IV Num Reads,IV Bytes Read,IV Num Writes,IV Bytes Written,CP Num Reads,CP Bytes Read,CP Num Writes,CP Bytes Written,FV Num Reads,FV Bytes Read,FV Num Writes,FV Bytes Written,FV Time,Pixels Mapped,Pixels Blended,PSNR,File Name
1052 , 2942 , 879721077 , 3771360000 , 15085440000 , 1 , 4 , 12571200000 , 55313280000 , 259943904 , 1050143616 , 1257120000 , 5028480000 , 231228432 , 924913728 , 0 , 1257120000 , 0 , 51.3003,./recordings/acmmm2011//./1440x900/youtube.mov

General Information
  File: ./recordings/acmmm2011//./960x600/desktop.mov
  Dimensions: 960 x 600
  Coefficient Planes: 1
  Frames Rendered: 946

Configuration Information:
  Configuring NDDI as Cached Tiled.
  Tile Dimensions: 24x24
  Significant Bits: 4

Transmission Statistics:
  Total Pixel Data Updated (bytes): 2179584000 Total NDDI Cost (bytes): 246002238 Ratio: 0.112867

Memory Statistics:
  Input Vector
    - Num Reads: 1194048000 - Bytes Read: 4776192000
    - Num Writes: 1 - Bytes Written: 4
  Coefficient Plane
    - Num Reads: 3980160000 - Bytes Read: 17512704000
    - Num Writes: 76625856 - Bytes Written: 311111424
  Frame Volume
    - Num Reads: 398016000 - Bytes Read: 1592064000
    - Num Writes: 66195648 - Bytes Written: 264782592

Pixel Statistics:
  Pixel Mappings: 398016000
  Pixel Blends: 0

Performance Statistics:
  Average FPS: 24.2971

Quality Statistics:
  MSE: 0.247693
  Total PSNR: 54.1917

CSV Headings:
Frames,Commands Sent,Bytes Transmitted,IV Num Reads,IV Bytes Read,IV Num Writes,IV Bytes Written,CP Num Reads,CP Bytes Read,CP Num Writes,CP Bytes Written,FV Num Reads,FV Bytes Read,FV Num Writes,FV Bytes Written,FV Time,Pixels Mapped,Pixels Blended,PSNR,File Name
946 , 2384 , 246002238 , 1194048000 , 4776192000 , 1 , 4 , 3980160000 , 17512704000 , 76625856 , 311111424 , 398016000 , 1592064000 , 66195648 , 264782592 , 0 , 398016000 , 0 , 54.1917,./recordings/acmmm2011//./960x600/desktop.mov

General Information
  File: ./recordings/acmmm2011//./960x600/digg.mov
  Dimensions: 960 x 600
  Coefficient Planes: 1
  Frames Rendered: 629

Configuration Information:
  Configuring NDDI as Cached Tiled.
  Tile Dimensions: 24x24
  Significant Bits: 4

Transmission Statistics:
  Total Pixel Data Updated (bytes): 1449216000 Total NDDI Cost (bytes): 152273067 Ratio: 0.105073

Memory Statistics:
  Input Vector
    - Num Reads: 857088000 - Bytes Read: 3428352000
    - Num Writes: 1 - Bytes Written: 4
  Coefficient Plane
    - Num Reads: 2856960000 - Bytes Read: 12570624000
    - Num Writes: 50231808 - Bytes Written: 205535232
  Frame Volume
    - Num Reads: 285696000 - Bytes Read: 1142784000
    - Num Writes: 43159104 - Bytes Written: 172636416

Pixel Statistics:
  Pixel Mappings: 285696000
  Pixel Blends: 0

Performance Statistics:
  Average FPS: 23.1724

Quality Statistics:
  MSE: 7.07803
  Total PSNR: 39.6317

CSV Headings:
Frames,Commands Sent,Bytes Transmitted,IV Num Reads,IV Bytes Read,IV Num Writes,IV Bytes Written,CP Num Reads,CP Bytes Read,CP Num Writes,CP Bytes Written,FV Num Reads,FV Bytes Read,FV Num Writes,FV Bytes Written,FV Time,Pixels Mapped,Pixels Blended,PSNR,File Name
629 , 1994 , 152273067 , 857088000 , 3428352000 , 1 , 4 , 2856960000 , 12570624000 , 50231808 , 205535232 , 285696000 , 1142784000 , 43159104 , 172636416 , 0 , 285696000 , 0 , 39.6317,./recordings/acmmm2011//./960x600/digg.mov

General Information
  File: ./recordings/acmmm2011//./960x600/document.mov
  Dimensions: 960 x 600
  Coefficient Planes: 1
  Frames Rendered: 1249

Configuration Information:
  Configuring NDDI as Cached Tiled.
  Tile Dimensions: 24x24
  Significant Bits: 4

Transmission Statistics:
  Total Pixel Data Updated (bytes): 2877696000 Total NDDI Cost (bytes): 143206132 Ratio: 0.0497642

Memory Statistics:
  Input Vector
    - Num Reads: 1259712000 - Bytes Read: 5038848000
    - Num Writes: 1 - Bytes Written: 4
  Coefficient Plane
    - Num Reads: 4199040000 - Bytes Read: 18475776000
    - Num Writes: 69651648 - Bytes Written: 283214592
  Frame Volume
    - Num Reads: 419904000 - Bytes Read: 1679616000
    - Num Writes: 40701888 - Bytes Written: 162807552

Pixel Statistics:
  Pixel Mappings: 419904000
  Pixel Blends: 0

Performance Statistics:
  Average FPS: 29.8222

Quality Statistics:
  MSE: 0.408805
  Total PSNR: 52.0156

CSV Headings:
Frames,Commands Sent,Bytes Transmitted,IV Num Reads,IV Bytes Read,IV Num Writes,IV Bytes Written,CP Num Reads,CP Bytes Read,CP Num Writes,CP Bytes Written,FV Num Reads,FV Bytes Read,FV Num Writes,FV Bytes Written,FV Time,Pixels Mapped,Pixels Blended,PSNR,File Name
1249 , 2460 , 143206132 , 1259712000 , 5038848000 , 1 , 4 , 4199040000 , 18475776000 , 69651648 , 283214592 , 419904000 , 1679616000 , 40701888 , 162807552 , 0 , 419904000 , 0 , 52.0156,./recordings/acmmm2011//./960x600/document.mov

General Information
  File: ./recordings/acmmm2011//./960x600/email.mov
  Dimensions: 960 x 600
  Coefficient Planes: 1
  Frames Rendered: 1019

Configuration Information:
  Configuring NDDI as Cached Tiled.
  Tile Dimensions: 24x24
  Significant Bits: 4

Transmission Statistics:
  Total Pixel Data Updated (bytes): 2347776000 Total NDDI Cost (bytes): 92378509 Ratio: 0.0393472

Memory Statistics:
  Input Vector
    - Num Reads: 1130112000 - Bytes Read: 4520448000
    - Num Writes: 1 - Bytes Written: 4
  Coefficient Plane
    - Num Reads: 3767040000 - Bytes Read: 16574976000
    - Num Writes: 60272064 - Bytes Written: 245696256
  Frame Volume
    - Num Reads: 376704000 - Bytes Read: 1506816000
    - Num Writes: 28158336 - Bytes Written: 112633344

Pixel Statistics:
  Pixel Mappings: 376704000
  Pixel Blends: 0

Performance Statistics:
  Average FPS: 27.8911

Quality Statistics:
  MSE: 0.218544
  Total PSNR: 54.7354

CSV Headings:
Frames,Commands Sent,Bytes Transmitted,IV Num Reads,IV Bytes Read,IV Num Writes,IV Bytes Written,CP Num Reads,CP Bytes Read,CP Num Writes,CP Bytes Written,FV Num Reads,FV Bytes Read,FV Num Writes,FV Bytes Written,FV Time,Pixels Mapped,Pixels Blended,PSNR,File Name
1019 , 2310 , 92378509 , 1130112000 , 4520448000 , 1 , 4 , 3767040000 , 16574976000 , 60272064 , 245696256 , 376704000 , 1506816000 , 28158336 , 112633344 , 0 , 376704000 , 0 , 54.7354,./recordings/acmmm2011//./960x600/email.mov

General Information
  File: ./recordings/acmmm2011//./960x600/flickr.mov
  Dimensions: 960 x 600
  Coefficient Planes: 1
  Frames Rendered: 1005

Configuration Information:
  Configuring NDDI as Cached Tiled.
  Tile Dimensions: 24x24
  Significant Bits: 4

Transmission Statistics:
  Total Pixel Data Updated (bytes): 2315520000 Total NDDI Cost (bytes): 286610057 Ratio: 0.123778

Memory Statistics:
  Input Vector
    - Num Reads: 1247616000 - Bytes Read: 4990464000
    - Num Writes: 1 - Bytes Written: 4
  Coefficient Plane
    - Num Reads: 4158720000 - Bytes Read: 18298368000
    - Num Writes: 88763904 - Bytes Written: 359663616
  Frame Volume
    - Num Reads: 415872000 - Bytes Read: 1663488000
    - Num Writes: 76169088 - Bytes Written: 304676352

Pixel Statistics:
  Pixel Mappings: 415872000
  Pixel Blends: 0

Performance Statistics:
  Average FPS: 16.6119

Quality Statistics:
  MSE: 0.339413
  Total PSNR: 52.8235

CSV Headings:
Frames,Commands Sent,Bytes Transmitted,IV Num Reads,IV Bytes Read,IV Num Writes,IV Bytes Written,CP Num Reads,CP Bytes Read,CP Num Writes,CP Bytes Written,FV Num Reads,FV Bytes Read,FV Num Writes,FV Bytes Written,FV Time,Pixels Mapped,Pixels Blended,PSNR,File Name
1005 , 2446 , 286610057 , 1247616000 , 4990464000 , 1 , 4 , 4158720000 , 18298368000 , 88763904 , 359663616 , 415872000 , 1663488000 , 76169088 , 304676352 , 0 , 415872000 , 0 , 52.8235,./recordings/acmmm2011//./960x600/flickr.mov

General Information
  File: ./recordings/acmmm2011//./960x600/maps.mov
  Dimensions: 960 x 600
  Coefficient Planes: 1
  Frames Rendered: 1496

Configuration Information:
  Configuring NDDI as Cached Tiled.
  Tile Dimensions: 24x24
  Significant Bits: 4

Transmission Statistics:
  Total Pixel Data Updated (bytes): 3446784000 Total NDDI Cost (bytes): 378136928 Ratio: 0.109707

Memory Statistics:
  Input Vector
    - Num Reads: 1584576000 - Bytes Read: 6338304000
    - Num Writes: 1 - Bytes Written: 4
  Coefficient Plane
    - Num Reads: 5281920000 - Bytes Read: 23240448000
    - Num Writes: 149291712 - Bytes Written: 601774848
  Frame Volume
    - Num Reads: 528192000 - Bytes Read: 2112768000
    - Num Writes: 98304192 - Bytes Written: 393216768

Pixel Statistics:
  Pixel Mappings: 528192000
  Pixel Blends: 0

Performance Statistics:
  Average FPS: 15.7911

Quality Statistics:
  MSE: 0.497579
  Total PSNR: 51.1622

CSV Headings:
Frames,Commands Sent,Bytes Transmitted,IV Num Reads,IV Bytes Read,IV Num Writes,IV Bytes Written,CP Num Reads,CP Bytes Read,CP Num Writes,CP Bytes Written,FV Num Reads,FV Bytes Read,FV Num Writes,FV Bytes Written,FV Time,Pixels Mapped,Pixels Blended,PSNR,File Name
1496 , 2836 , 378136928 , 1584576000 , 6338304000 , 1 , 4 , 5281920000 , 23240448000 , 149291712 , 601774848 , 528192000 , 2112768000 , 98304192 , 393216768 , 0 , 528192000 , 0 , 51.1622,./recordings/acmmm2011//./960x600/maps.mov

General Information
  File: ./recordings/acmmm2011//./960x600/npr.mov
  Dimensions: 960 x 600
  Coefficient Planes: 1
  Frames Rendered: 889

Configuration Information:
  Configuring NDDI as Cached Tiled.
  Tile Dimensions: 24x24
  Significant Bits: 4

Transmission Statistics:
  Total Pixel Data Updated (bytes): 2048256000 Total NDDI Cost (bytes): 199504553 Ratio: 0.0974022

Memory Statistics:
  Input Vector
    - Num Reads: 998784000 - Bytes Read: 3995136000
    - Num Writes: 1 - Bytes Written: 4
  Coefficient Plane
    - Num Reads: 3329280000 - Bytes Read: 14648832000
    - Num Writes: 78243840 - Bytes Written: 317583360
  Frame Volume
    - Num Reads: 332928000 - Bytes Read: 1331712000
    - Num Writes: 54615168 - Bytes Written: 218460672

Pixel Statistics:
  Pixel Mappings: 332928000
  Pixel Blends: 0

Performance Statistics:
  Average FPS: 15.6548

Quality Statistics:
  MSE: 0.737096
  Total PSNR: 49.4556

CSV Headings:
Frames,Commands Sent,Bytes Transmitted,IV Num Reads,IV Bytes Read,IV Num Writes,IV Bytes Written,CP Num Reads,CP Bytes Read,CP Num Writes,CP Bytes Written,FV Num Reads,FV Bytes Read,FV Num Writes,FV Bytes Written,FV Time,Pixels Mapped,Pixels Blended,PSNR,File Name
889 , 2158 , 199504553 , 998784000 , 3995136000 , 1 , 4 , 3329280000 , 14648832000 , 78243840 , 317583360 , 332928000 , 1331712000 , 54615168 , 218460672 , 0 , 332928000 , 0 , 49.4556,./recordings/acmmm2011//./960x600/npr.mov

General Information
  File: ./recordings/acmmm2011//./960x600/presentation.mov
  Dimensions: 960 x 600
  Coefficient Planes: 1
  Frames Rendered: 949

Configuration Information:
  Configuring NDDI as Cached Tiled.
  Tile Dimensions: 24x24
  Significant Bits: 4

Transmission Statistics:
  Total Pixel Data Updated (bytes): 2186496000 Total NDDI Cost (bytes): 26273180 Ratio: 0.0120161

Memory Statistics:
  Input Vector
    - Num Reads: 195264000 - Bytes Read: 781056000
    - Num Writes: 1 - Bytes Written: 4
  Coefficient Plane
    - Num Reads: 650880000 - Bytes Read: 2863872000
    - Num Writes: 18588672 - Bytes Written: 78962688
  Frame Volume
    - Num Reads: 65088000 - Bytes Read: 260352000
    - Num Writes: 12151872 - Bytes Written: 48607488

Pixel Statistics:
  Pixel Mappings: 65088000
  Pixel Blends: 0

Performance Statistics:
  Average FPS: 24.4485

Quality Statistics:
  MSE: 3.88579
  Total PSNR: 42.236

CSV Headings:
Frames,Commands Sent,Bytes Transmitted,IV Num Reads,IV Bytes Read,IV Num Writes,IV Bytes Written,CP Num Reads,CP Bytes Read,CP Num Writes,CP Bytes Written,FV Num Reads,FV Bytes Read,FV Num Writes,FV Bytes Written,FV Time,Pixels Mapped,Pixels Blended,PSNR,File Name
949 , 1228 , 26273180 , 195264000 , 781056000 , 1 , 4 , 650880000 , 2863872000 , 18588672 , 78962688 , 65088000 , 260352000 , 12151872 , 48607488 , 0 , 65088000 , 0 , 42.236,./recordings/acmmm2011//./960x600/presentation.mov

General Information
  File: ./recordings/acmmm2011//./960x600/slideshow.mov
  Dimensions: 960 x 600
  Coefficient Planes: 1
  Frames Rendered: 1304

Configuration Information:
  Configuring NDDI as Cached Tiled.
  Tile Dimensions: 24x24
  Significant Bits: 4

Transmission Statistics:
  Total Pixel Data Updated (bytes): 3004416000 Total NDDI Cost (bytes): 244951430 Ratio: 0.0815305

Memory Statistics:
  Input Vector
    - Num Reads: 1242432000 - Bytes Read: 4969728000
    - Num Writes: 1 - Bytes Written: 4
  Coefficient Plane
    - Num Reads: 4141440000 - Bytes Read: 18222336000
    - Num Writes: 103032576 - Bytes Written: 416738304
  Frame Volume
    - Num Reads: 414144000 - Bytes Read: 1656576000
    - Num Writes: 65660544 - Bytes Written: 262642176

Pixel Statistics:
  Pixel Mappings: 414144000
  Pixel Blends: 0

Performance Statistics:
  Average FPS: 16.7672

Quality Statistics:
  MSE: 0.251887
  Total PSNR: 54.1187

CSV Headings:
Frames,Commands Sent,Bytes Transmitted,IV Num Reads,IV Bytes Read,IV Num Writes,IV Bytes Written,CP Num Reads,CP Bytes Read,CP Num Writes,CP Bytes Written,FV Num Reads,FV Bytes Read,FV Num Writes,FV Bytes Written,FV Time,Pixels Mapped,Pixels Blended,PSNR,File Name
1304 , 2440 , 244951430 , 1242432000 , 4969728000 , 1 , 4 , 4141440000 , 18222336000 , 103032576 , 416738304 , 414144000 , 1656576000 , 65660544 , 262642176 , 0 , 414144000 , 0 , 54.1187,./recordings/acmmm2011//./960x600/slideshow.mov

General Information
  File: ./recordings/acmmm2011//./960x600/xcode.mov
  Dimensions: 960 x 600
  Coefficient Planes: 1
  Frames Rendered: 1498

Configuration Information:
  Configuring NDDI as Cached Tiled.
  Tile Dimensions: 24x24
  Significant Bits: 4

Transmission Statistics:
  Total Pixel Data Updated (bytes): 3451392000 Total NDDI Cost (bytes): 149954926 Ratio: 0.0434477

Memory Statistics:
  Input Vector
    - Num Reads: 1622592000 - Bytes Read: 6490368000
    - Num Writes: 1 - Bytes Written: 4
  Coefficient Plane
    - Num Reads: 5408640000 - Bytes Read: 23798016000
    - Num Writes: 84239424 - Bytes Written: 341565696
  Frame Volume
    - Num Reads: 540864000 - Bytes Read: 2163456000
    - Num Writes: 42228288 - Bytes Written: 168913152

Pixel Statistics:
  Pixel Mappings: 540864000
  Pixel Blends: 0

Performance Statistics:
  Average FPS: 16.3629

Quality Statistics:
  MSE: 0.186173
  Total PSNR: 55.4316

CSV Headings:
Frames,Commands Sent,Bytes Transmitted,IV Num Reads,IV Bytes Read,IV Num Writes,IV Bytes Written,CP Num Reads,CP Bytes Read,CP Num Writes,CP Bytes Written,FV Num Reads,FV Bytes Read,FV Num Writes,FV Bytes Written,FV Time,Pixels Mapped,Pixels Blended,PSNR,File Name
1498 , 2880 , 149954926 , 1622592000 , 6490368000 , 1 , 4 , 5408640000 , 23798016000 , 84239424 , 341565696 , 540864000 , 2163456000 , 42228288 , 168913152 , 0 , 540864000 , 0 , 55.4316,./recordings/acmmm2011//./960x600/xcode.mov

General Information
  File: ./recordings/acmmm2011//./960x600/youtube.mov
  Dimensions: 960 x 600
  Coefficient Planes: 1
  Frames Rendered: 1052

Configuration Information:
  Configuring NDDI as Cached Tiled.
  Tile Dimensions: 24x24
  Significant Bits: 4

Transmission Statistics:
  Total Pixel Data Updated (bytes): 2423808000 Total NDDI Cost (bytes): 357073298 Ratio: 0.147319

Memory Statistics:
  Input Vector
    - Num Reads: 1636416000 - Bytes Read: 6545664000
    - Num Writes: 1 - Bytes Written: 4
  Coefficient Plane
    - Num Reads: 5454720000 - Bytes Read: 24000768000
    - Num Writes: 104376960 - Bytes Written: 422115840
  Frame Volume
    - Num Reads: 545472000 - Bytes Read: 2181888000
    - Num Writes: 93530880 - Bytes Written: 374123520

Pixel Statistics:
  Pixel Mappings: 545472000
  Pixel Blends: 0

Performance Statistics:
  Average FPS: 13.514

Quality Statistics:
  MSE: 0.264738
  Total PSNR: 53.9026

CSV Headings:
Frames,Commands Sent,Bytes Transmitted,IV Num Reads,IV Bytes Read,IV Num Writes,IV Bytes Written,CP Num Reads,CP Bytes Read,CP Num Writes,CP Bytes Written,FV Num Reads,FV Bytes Read,FV Num Writes,FV Bytes Written,FV Time,Pixels Mapped,Pixels Blended,PSNR,File Name
1052 , 2896 , 357073298 , 1636416000 , 6545664000 , 1 , 4 , 5454720000 , 24000768000 , 104376960 , 422115840 , 545472000 , 2181888000 , 93530880 , 374123520 , 0 , 545472000 , 0 , 53.9026,./recordings/acmmm2011//./960x600/youtube.mov
