
General Information
  File: ./recordings/acmmm2011//./video/bourne-13-dialog.m4v
  Dimensions: 720 x 362
  Coefficient Planes: 64
  Frames Rendered: 1200

Configuration Information:
  Configuring NDDI as DCT Tiled.
  Quality: 4

Transmission Statistics:
  Total Pixel Data Updated (bytes): 1251072000 Total NDDI Cost (bytes): 325336836 Ratio: 0.260046

Memory Statistics:
  Input Vector
    - Num Reads: 40134389760 - Bytes Read: 160537559040
    - Num Writes: 1 - Bytes Written: 4
  Coefficient Plane
    - Num Reads: 133781299200 - Bytes Read: 588637716480
    - Num Writes: 1806210576 - Bytes Written: 13782446208
  Frame Volume
    - Num Reads: 13378129920 - Bytes Read: 53512519680
    - Num Writes: 4096 - Bytes Written: 16384

Pixel Statistics:
  Pixel Mappings: 209033280
  Pixel Blends: 0

Performance Statistics:
  Average FPS: 3.01225

Quality Statistics:
  MSE: 4.53041
  Total PSNR: 41.5694

CSV Headings:
Frames,Commands Sent,Bytes Transmitted,IV Num Reads,IV Bytes Read,IV Num Writes,IV Bytes Written,CP Num Reads,CP Bytes Read,CP Num Writes,CP Bytes Written,FV Num Reads,FV Bytes Read,FV Num Writes,FV Bytes Written,FV Time,Pixels Mapped,Pixels Blended,PSNR,File Name
1200 , 4972208 , 325336836 , 40134389760 , 160537559040 , 1 , 4 , 133781299200 , 588637716480 , 1806210576 , 13782446208 , 13378129920 , 53512519680 , 4096 , 16384 , 0 , 209033280 , 0 , 41.5694,./recordings/acmmm2011//./video/bourne-13-dialog.m4v

General Information
  File: ./recordings/acmmm2011//./video/bourne-2-moderate.m4v
  Dimensions: 720 x 362
  Coefficient Planes: 64
  Frames Rendered: 1200

Configuration Information:
  Configuring NDDI as DCT Tiled.
  Quality: 4

Transmission Statistics:
  Total Pixel Data Updated (bytes): 1251072000 Total NDDI Cost (bytes): 410852236 Ratio: 0.3284

Memory Statistics:
  Input Vector
    - Num Reads: 40134389760 - Bytes Read: 160537559040
    - Num Writes: 1 - Bytes Written: 4
  Coefficient Plane
    - Num Reads: 133781299200 - Bytes Read: 588637716480
    - Num Writes: 2487687344 - Bytes Written: 19234260352
  Frame Volume
    - Num Reads: 13378129920 - Bytes Read: 53512519680
    - Num Writes: 4096 - Bytes Written: 16384

Pixel Statistics:
  Pixel Mappings: 209033280
  Pixel Blends: 0

Performance Statistics:
  Average FPS: 2.8344

Quality Statistics:
  MSE: 8.48751
  Total PSNR: 38.843

CSV Headings:
Frames,Commands Sent,Bytes Transmitted,IV Num Reads,IV Bytes Read,IV Num Writes,IV Bytes Written,CP Num Reads,CP Bytes Read,CP Num Writes,CP Bytes Written,FV Num Reads,FV Bytes Read,FV Num Writes,FV Bytes Written,FV Time,Pixels Mapped,Pixels Blended,PSNR,File Name
1200 , 4972208 , 410852236 , 40134389760 , 160537559040 , 1 , 4 , 133781299200 , 588637716480 , 2487687344 , 19234260352 , 13378129920 , 53512519680 , 4096 , 16384 , 0 , 209033280 , 0 , 38.843,./recordings/acmmm2011//./video/bourne-2-moderate.m4v

General Information
  File: ./recordings/acmmm2011//./video/bourne-10-action.m4v
  Dimensions: 720 x 362
  Coefficient Planes: 64
  Frames Rendered: 1200

Configuration Information:
  Configuring NDDI as DCT Tiled.
  Quality: 4

Transmission Statistics:
  Total Pixel Data Updated (bytes): 1251072000 Total NDDI Cost (bytes): 283051996 Ratio: 0.226248

Memory Statistics:
  Input Vector
    - Num Reads: 40134389760 - Bytes Read: 160537559040
    - Num Writes: 1 - Bytes Written: 4
  Coefficient Plane
    - Num Reads: 133781299200 - Bytes Read: 588637716480
    - Num Writes: 1464757952 - Bytes Written: 11050825216
  Frame Volume
    - Num Reads: 13378129920 - Bytes Read: 53512519680
    - Num Writes: 4096 - Bytes Written: 16384

Pixel Statistics:
  Pixel Mappings: 209033280
  Pixel Blends: 0

Performance Statistics:
  Average FPS: 3.1647

Quality Statistics:
  MSE: 2.7184
  Total PSNR: 43.7877

CSV Headings:
Frames,Commands Sent,Bytes Transmitted,IV Num Reads,IV Bytes Read,IV Num Writes,IV Bytes Written,CP Num Reads,CP Bytes Read,CP Num Writes,CP Bytes Written,FV Num Reads,FV Bytes Read,FV Num Writes,FV Bytes Written,FV Time,Pixels Mapped,Pixels Blended,PSNR,File Name
1200 , 4972208 , 283051996 , 40134389760 , 160537559040 , 1 , 4 , 133781299200 , 588637716480 , 1464757952 , 11050825216 , 13378129920 , 53512519680 , 4096 , 16384 , 0 , 209033280 , 0 , 43.7877,./recordings/acmmm2011//./video/bourne-10-action.m4v

General Information
  File: ./recordings/acmmm2011//./video/captain-720.mov
  Dimensions: 1280 x 544
  Coefficient Planes: 64
  Frames Rendered: 1200

Configuration Information:
  Configuring NDDI as DCT Tiled.
  Quality: 4

Transmission Statistics:
  Total Pixel Data Updated (bytes): 3342336000 Total NDDI Cost (bytes): 918574908 Ratio: 0.27483

Memory Statistics:
  Input Vector
    - Num Reads: 107222138880 - Bytes Read: 428888555520
    - Num Writes: 1 - Bytes Written: 4
  Coefficient Plane
    - Num Reads: 357407129600 - Bytes Read: 1572591370240
    - Num Writes: 5745172224 - Bytes Written: 44178798592
  Frame Volume
    - Num Reads: 35740712960 - Bytes Read: 142962851840
    - Num Writes: 4096 - Bytes Written: 16384

Pixel Statistics:
  Pixel Mappings: 558448640
  Pixel Blends: 0

Performance Statistics:
  Average FPS: 1.08457

Quality Statistics:
  MSE: 6.89549
  Total PSNR: 39.7452

CSV Headings:
Frames,Commands Sent,Bytes Transmitted,IV Num Reads,IV Bytes Read,IV Num Writes,IV Bytes Written,CP Num Reads,CP Bytes Read,CP Num Writes,CP Bytes Written,FV Num Reads,FV Bytes Read,FV Num Writes,FV Bytes Written,FV Time,Pixels Mapped,Pixels Blended,PSNR,File Name
1200 , 13066948 , 918574908 , 107222138880 , 428888555520 , 1 , 4 , 357407129600 , 1572591370240 , 5745172224 , 44178798592 , 35740712960 , 142962851840 , 4096 , 16384 , 0 , 558448640 , 0 , 39.7452,./recordings/acmmm2011//./video/captain-720.mov

General Information
  File: ./recordings/acmmm2011//./video/captain-1080.mov
  Dimensions: 1920 x 816
  Coefficient Planes: 64
  Frames Rendered: 1200

Configuration Information:
  Configuring NDDI as DCT Tiled.
  Quality: 4

Transmission Statistics:
  Total Pixel Data Updated (bytes): 7520256000 Total NDDI Cost (bytes): 1660106380 Ratio: 0.220751

Memory Statistics:
  Input Vector
    - Num Reads: 241249812480 - Bytes Read: 964999249920
    - Num Writes: 1 - Bytes Written: 4
  Coefficient Plane
    - Num Reads: 804166041600 - Bytes Read: 3538330583040
    - Num Writes: 9673328000 - Bytes Written: 73375820800
  Frame Volume
    - Num Reads: 80416604160 - Bytes Read: 321666416640
    - Num Writes: 4096 - Bytes Written: 16384

Pixel Statistics:
  Pixel Mappings: 1256509440
  Pixel Blends: 0

Performance Statistics:
  Average FPS: 0.514383

Quality Statistics:
  MSE: 4.33196
  Total PSNR: 41.764

CSV Headings:
Frames,Commands Sent,Bytes Transmitted,IV Num Reads,IV Bytes Read,IV Num Writes,IV Bytes Written,CP Num Reads,CP Bytes Read,CP Num Writes,CP Bytes Written,FV Num Reads,FV Bytes Read,FV Num Writes,FV Bytes Written,FV Time,Pixels Mapped,Pixels Blended,PSNR,File Name
1200 , 29400548 , 1660106380 , 241249812480 , 964999249920 , 1 , 4 , 804166041600 , 3538330583040 , 9673328000 , 73375820800 , 80416604160 , 321666416640 , 4096 , 16384 , 0 , 1256509440 , 0 , 41.764,./recordings/acmmm2011//./video/captain-1080.mov

General Information
  File: ./recordings/acmmm2011//./video/limitless-720.mov
  Dimensions: 1280 x 544
  Coefficient Planes: 64
  Frames Rendered: 1200

Configuration Information:
  Configuring NDDI as DCT Tiled.
  Quality: 4

Transmission Statistics:
  Total Pixel Data Updated (bytes): 3342336000 Total NDDI Cost (bytes): 833260164 Ratio: 0.249305

Memory Statistics:
  Input Vector
    - Num Reads: 107222138880 - Bytes Read: 428888555520
    - Num Writes: 1 - Bytes Written: 4
  Coefficient Plane
    - Num Reads: 357407129600 - Bytes Read: 1572591370240
    - Num Writes: 5062654272 - Bytes Written: 38718654976
  Frame Volume
    - Num Reads: 35740712960 - Bytes Read: 142962851840
    - Num Writes: 4096 - Bytes Written: 16384

Pixel Statistics:
  Pixel Mappings: 558448640
  Pixel Blends: 0

Performance Statistics:
  Average FPS: 1.1352

Quality Statistics:
  MSE: 4.81722
  Total PSNR: 41.3028

CSV Headings:
Frames,Commands Sent,Bytes Transmitted,IV Num Reads,IV Bytes Read,IV Num Writes,IV Bytes Written,CP Num Reads,CP Bytes Read,CP Num Writes,CP Bytes Written,FV Num Reads,FV Bytes Read,FV Num Writes,FV Bytes Written,FV Time,Pixels Mapped,Pixels Blended,PSNR,File Name
1200 , 13066948 , 833260164 , 107222138880 , 428888555520 , 1 , 4 , 357407129600 , 1572591370240 , 5062654272 , 38718654976 , 35740712960 , 142962851840 , 4096 , 16384 , 0 , 558448640 , 0 , 41.3028,./recordings/acmmm2011//./video/limitless-720.mov

General Information
  File: ./recordings/acmmm2011//./video/limitless-1080.mov
  Dimensions: 1920 x 816
  Coefficient Planes: 64
  Frames Rendered: 1200

Configuration Information:
  Configuring NDDI as DCT Tiled.
  Quality: 4

Transmission Statistics:
  Total Pixel Data Updated (bytes): 7520256000 Total NDDI Cost (bytes): 1545280612 Ratio: 0.205482

Memory Statistics:
  Input Vector
    - Num Reads: 241249812480 - Bytes Read: 964999249920
    - Num Writes: 1 - Bytes Written: 4
  Coefficient Plane
    - Num Reads: 804166041600 - Bytes Read: 3538330583040
    - Num Writes: 8754721856 - Bytes Written: 66026971648
  Frame Volume
    - Num Reads: 80416604160 - Bytes Read: 321666416640
    - Num Writes: 4096 - Bytes Written: 16384

Pixel Statistics:
  Pixel Mappings: 1256509440
  Pixel Blends: 0

Performance Statistics:
  Average FPS: 0.52118

Quality Statistics:
  MSE: 3.26287
  Total PSNR: 42.9948

CSV Headings:
Frames,Commands Sent,Bytes Transmitted,IV Num Reads,IV Bytes Read,IV Num Writes,IV Bytes Written,CP Num Reads,CP Bytes Read,CP Num Writes,CP Bytes Written,FV Num Reads,FV Bytes Read,FV Num Writes,FV Bytes Written,FV Time,Pixels Mapped,Pixels Blended,PSNR,File Name
1200 , 29400548 , 1545280612 , 241249812480 , 964999249920 , 1 , 4 , 804166041600 , 3538330583040 , 8754721856 , 66026971648 , 80416604160 , 321666416640 , 4096 , 16384 , 0 , 1256509440 , 0 , 42.9948,./recordings/acmmm2011//./video/limitless-1080.mov
