
General Information
  File: ./recordings/acmmm2011//./video/bourne-13-dialog.m4v
  Dimensions: 720 x 362
  Coefficient Planes: 64
  Frames Rendered: 1200

Configuration Information:
  Configuring NDDI as DCT Tiled.
  Quality: 1

Transmission Statistics:
  Total Pixel Data Updated (bytes): 1251072000 Total NDDI Cost (bytes): 662837428 Ratio: 0.529816

Memory Statistics:
  Input Vector
    - Num Reads: 40134389760 - Bytes Read: 160537559040
    - Num Writes: 1 - Bytes Written: 4
  Coefficient Plane
    - Num Reads: 133781299200 - Bytes Read: 588637716480
    - Num Writes: 4502172224 - Bytes Written: 35350139392
  Frame Volume
    - Num Reads: 13378129920 - Bytes Read: 53512519680
    - Num Writes: 4096 - Bytes Written: 16384

Pixel Statistics:
  Pixel Mappings: 209033280
  Pixel Blends: 0

Performance Statistics:
  Average FPS: 2.38492

Quality Statistics:
  MSE: 2.44652
  Total PSNR: 44.2453

CSV Headings:
Frames,Commands Sent,Bytes Transmitted,IV Num Reads,IV Bytes Read,IV Num Writes,IV Bytes Written,CP Num Reads,CP Bytes Read,CP Num Writes,CP Bytes Written,FV Num Reads,FV Bytes Read,FV Num Writes,FV Bytes Written,FV Time,Pixels Mapped,Pixels Blended,PSNR,File Name
1200 , 4972208 , 662837428 , 40134389760 , 160537559040 , 1 , 4 , 133781299200 , 588637716480 , 4502172224 , 35350139392 , 13378129920 , 53512519680 , 4096 , 16384 , 0 , 209033280 , 0 , 44.2453,./recordings/acmmm2011//./video/bourne-13-dialog.m4v

General Information
  File: ./recordings/acmmm2011//./video/bourne-2-moderate.m4v
  Dimensions: 720 x 362
  Coefficient Planes: 64
  Frames Rendered: 1200

Configuration Information:
  Configuring NDDI as DCT Tiled.
  Quality: 1

Transmission Statistics:
  Total Pixel Data Updated (bytes): 1251072000 Total NDDI Cost (bytes): 774444436 Ratio: 0.619025

Memory Statistics:
  Input Vector
    - Num Reads: 40134389760 - Bytes Read: 160537559040
    - Num Writes: 1 - Bytes Written: 4
  Coefficient Plane
    - Num Reads: 133781299200 - Bytes Read: 588637716480
    - Num Writes: 5391431168 - Bytes Written: 42464210944
  Frame Volume
    - Num Reads: 13378129920 - Bytes Read: 53512519680
    - Num Writes: 4096 - Bytes Written: 16384

Pixel Statistics:
  Pixel Mappings: 209033280
  Pixel Blends: 0

Performance Statistics:
  Average FPS: 2.2152

Quality Statistics:
  MSE: 3.17778
  Total PSNR: 43.1096

CSV Headings:
Frames,Commands Sent,Bytes Transmitted,IV Num Reads,IV Bytes Read,IV Num Writes,IV Bytes Written,CP Num Reads,CP Bytes Read,CP Num Writes,CP Bytes Written,FV Num Reads,FV Bytes Read,FV Num Writes,FV Bytes Written,FV Time,Pixels Mapped,Pixels Blended,PSNR,File Name
1200 , 4972208 , 774444436 , 40134389760 , 160537559040 , 1 , 4 , 133781299200 , 588637716480 , 5391431168 , 42464210944 , 13378129920 , 53512519680 , 4096 , 16384 , 0 , 209033280 , 0 , 43.1096,./recordings/acmmm2011//./video/bourne-2-moderate.m4v

General Information
  File: ./recordings/acmmm2011//./video/bourne-10-action.m4v
  Dimensions: 720 x 362
  Coefficient Planes: 64
  Frames Rendered: 1200

Configuration Information:
  Configuring NDDI as DCT Tiled.
  Quality: 1

Transmission Statistics:
  Total Pixel Data Updated (bytes): 1251072000 Total NDDI Cost (bytes): 524059372 Ratio: 0.418888

Memory Statistics:
  Input Vector
    - Num Reads: 40134389760 - Bytes Read: 160537559040
    - Num Writes: 1 - Bytes Written: 4
  Coefficient Plane
    - Num Reads: 133781299200 - Bytes Read: 588637716480
    - Num Writes: 3391711136 - Bytes Written: 26466450688
  Frame Volume
    - Num Reads: 13378129920 - Bytes Read: 53512519680
    - Num Writes: 4096 - Bytes Written: 16384

Pixel Statistics:
  Pixel Mappings: 209033280
  Pixel Blends: 0

Performance Statistics:
  Average FPS: 2.64203

Quality Statistics:
  MSE: 1.7653
  Total PSNR: 45.6626

CSV Headings:
Frames,Commands Sent,Bytes Transmitted,IV Num Reads,IV Bytes Read,IV Num Writes,IV Bytes Written,CP Num Reads,CP Bytes Read,CP Num Writes,CP Bytes Written,FV Num Reads,FV Bytes Read,FV Num Writes,FV Bytes Written,FV Time,Pixels Mapped,Pixels Blended,PSNR,File Name
1200 , 4972208 , 524059372 , 40134389760 , 160537559040 , 1 , 4 , 133781299200 , 588637716480 , 3391711136 , 26466450688 , 13378129920 , 53512519680 , 4096 , 16384 , 0 , 209033280 , 0 , 45.6626,./recordings/acmmm2011//./video/bourne-10-action.m4v

General Information
  File: ./recordings/acmmm2011//./video/captain-720.mov
  Dimensions: 1280 x 544
  Coefficient Planes: 64
  Frames Rendered: 1200

Configuration Information:
  Configuring NDDI as DCT Tiled.
  Quality: 1

Transmission Statistics:
  Total Pixel Data Updated (bytes): 3342336000 Total NDDI Cost (bytes): 2038761740 Ratio: 0.609981

Memory Statistics:
  Input Vector
    - Num Reads: 107222138880 - Bytes Read: 428888555520
    - Num Writes: 1 - Bytes Written: 4
  Coefficient Plane
    - Num Reads: 357407129600 - Bytes Read: 1572591370240
    - Num Writes: 14706666880 - Bytes Written: 115870755840
  Frame Volume
    - Num Reads: 35740712960 - Bytes Read: 142962851840
    - Num Writes: 4096 - Bytes Written: 16384

Pixel Statistics:
  Pixel Mappings: 558448640
  Pixel Blends: 0

Performance Statistics:
  Average FPS: 0.82736

Quality Statistics:
  MSE: 3.15251
  Total PSNR: 43.1442

CSV Headings:
Frames,Commands Sent,Bytes Transmitted,IV Num Reads,IV Bytes Read,IV Num Writes,IV Bytes Written,CP Num Reads,CP Bytes Read,CP Num Writes,CP Bytes Written,FV Num Reads,FV Bytes Read,FV Num Writes,FV Bytes Written,FV Time,Pixels Mapped,Pixels Blended,PSNR,File Name
1200 , 13066948 , 2038761740 , 107222138880 , 428888555520 , 1 , 4 , 357407129600 , 1572591370240 , 14706666880 , 115870755840 , 35740712960 , 142962851840 , 4096 , 16384 , 0 , 558448640 , 0 , 43.1442,./recordings/acmmm2011//./video/captain-720.mov

General Information
  File: ./recordings/acmmm2011//./video/captain-1080.mov
  Dimensions: 1920 x 816
  Coefficient Planes: 64
  Frames Rendered: 1200

Configuration Information:
  Configuring NDDI as DCT Tiled.
  Quality: 1

Transmission Statistics:
  Total Pixel Data Updated (bytes): 7520256000 Total NDDI Cost (bytes): 3857570652 Ratio: 0.512957

Memory Statistics:
  Input Vector
    - Num Reads: 241249812480 - Bytes Read: 964999249920
    - Num Writes: 1 - Bytes Written: 4
  Coefficient Plane
    - Num Reads: 804166041600 - Bytes Read: 3538330583040
    - Num Writes: 27253042176 - Bytes Written: 214013534208
  Frame Volume
    - Num Reads: 80416604160 - Bytes Read: 321666416640
    - Num Writes: 4096 - Bytes Written: 16384

Pixel Statistics:
  Pixel Mappings: 1256509440
  Pixel Blends: 0

Performance Statistics:
  Average FPS: 0.403805

Quality Statistics:
  MSE: 2.35434
  Total PSNR: 44.4121

CSV Headings:
Frames,Commands Sent,Bytes Transmitted,IV Num Reads,IV Bytes Read,IV Num Writes,IV Bytes Written,CP Num Reads,CP Bytes Read,CP Num Writes,CP Bytes Written,FV Num Reads,FV Bytes Read,FV Num Writes,FV Bytes Written,FV Time,Pixels Mapped,Pixels Blended,PSNR,File Name
1200 , 29400548 , 3857570652 , 241249812480 , 964999249920 , 1 , 4 , 804166041600 , 3538330583040 , 27253042176 , 214013534208 , 80416604160 , 321666416640 , 4096 , 16384 , 0 , 1256509440 , 0 , 44.4121,./recordings/acmmm2011//./video/captain-1080.mov

General Information
  File: ./recordings/acmmm2011//./video/limitless-720.mov
  Dimensions: 1280 x 544
  Coefficient Planes: 64
  Frames Rendered: 1200

Configuration Information:
  Configuring NDDI as DCT Tiled.
  Quality: 1

Transmission Statistics:
  Total Pixel Data Updated (bytes): 3342336000 Total NDDI Cost (bytes): 1887831844 Ratio: 0.564824

Memory Statistics:
  Input Vector
    - Num Reads: 107222138880 - Bytes Read: 428888555520
    - Num Writes: 1 - Bytes Written: 4
  Coefficient Plane
    - Num Reads: 357407129600 - Bytes Read: 1572591370240
    - Num Writes: 13499227712 - Bytes Written: 106211242496
  Frame Volume
    - Num Reads: 35740712960 - Bytes Read: 142962851840
    - Num Writes: 4096 - Bytes Written: 16384

Pixel Statistics:
  Pixel Mappings: 558448640
  Pixel Blends: 0

Performance Statistics:
  Average FPS: 0.8788

Quality Statistics:
  MSE: 2.5546
  Total PSNR: 44.0576

CSV Headings:
Frames,Commands Sent,Bytes Transmitted,IV Num Reads,IV Bytes Read,IV Num Writes,IV Bytes Written,CP Num Reads,CP Bytes Read,CP Num Writes,CP Bytes Written,FV Num Reads,FV Bytes Read,FV Num Writes,FV Bytes Written,FV Time,Pixels Mapped,Pixels Blended,PSNR,File Name
1200 , 13066948 , 1887831844 , 107222138880 , 428888555520 , 1 , 4 , 357407129600 , 1572591370240 , 13499227712 , 106211242496 , 35740712960 , 142962851840 , 4096 , 16384 , 0 , 558448640 , 0 , 44.0576,./recordings/acmmm2011//./video/limitless-720.mov

General Information
  File: ./recordings/acmmm2011//./video/limitless-1080.mov
  Dimensions: 1920 x 816
  Coefficient Planes: 64
  Frames Rendered: 1200

Configuration Information:
  Configuring NDDI as DCT Tiled.
  Quality: 1

Transmission Statistics:
  Total Pixel Data Updated (bytes): 7520256000 Total NDDI Cost (bytes): 3475473132 Ratio: 0.462148

Memory Statistics:
  Input Vector
    - Num Reads: 241249812480 - Bytes Read: 964999249920
    - Num Writes: 1 - Bytes Written: 4
  Coefficient Plane
    - Num Reads: 804166041600 - Bytes Read: 3538330583040
    - Num Writes: 24196262016 - Bytes Written: 189559292928
  Frame Volume
    - Num Reads: 80416604160 - Bytes Read: 321666416640
    - Num Writes: 4096 - Bytes Written: 16384

Pixel Statistics:
  Pixel Mappings: 1256509440
  Pixel Blends: 0

Performance Statistics:
  Average FPS: 0.426321

Quality Statistics:
  MSE: 2.04237
  Total PSNR: 45.0295

CSV Headings:
Frames,Commands Sent,Bytes Transmitted,IV Num Reads,IV Bytes Read,IV Num Writes,IV Bytes Written,CP Num Reads,CP Bytes Read,CP Num Writes,CP Bytes Written,FV Num Reads,FV Bytes Read,FV Num Writes,FV Bytes Written,FV Time,Pixels Mapped,Pixels Blended,PSNR,File Name
1200 , 29400548 , 3475473132 , 241249812480 , 964999249920 , 1 , 4 , 804166041600 , 3538330583040 , 24196262016 , 189559292928 , 80416604160 , 321666416640 , 4096 , 16384 , 0 , 1256509440 , 0 , 45.0295,./recordings/acmmm2011//./video/limitless-1080.mov
