946 	 2506 	 1154938475 	 5197824000 	 20791296000 	 1 	 4 	 17326080000 	 76234752000 	 25344000 	 119808000 	 1732608000 	 6930432000 	 310493952 	 1241975808 	 0 	 1732608000 	 0 	 53.7961	recordings/acmmm2011/./1920x1200/desktop.mov

629 	 2024 	 730391778 	 3532032000 	 14128128000 	 1 	 4 	 11773440000 	 51803136000 	 25344000 	 119808000 	 1177344000 	 4709376000 	 204837120 	 819348480 	 0 	 1177344000 	 0 	 40.9546	recordings/acmmm2011/./1920x1200/digg.mov

1249 	 2524 	 642755768 	 5260032000 	 21040128000 	 1 	 4 	 17533440000 	 77147136000 	 25344000 	 119808000 	 1753344000 	 7013376000 	 182702592 	 730810368 	 0 	 1753344000 	 0 	 52.8136	recordings/acmmm2011/./1920x1200/document.mov

1019 	 2418 	 563808103 	 4893696000 	 19574784000 	 1 	 4 	 16312320000 	 71774208000 	 25344000 	 119808000 	 1631232000 	 6524928000 	 162775296 	 651101184 	 0 	 1631232000 	 0 	 48.0925	recordings/acmmm2011/./1920x1200/email.mov

1005 	 2530 	 1287050027 	 5280768000 	 21123072000 	 1 	 4 	 17602560000 	 77451264000 	 25344000 	 119808000 	 1760256000 	 7041024000 	 343401984 	 1373607936 	 0 	 1760256000 	 0 	 53.1875	recordings/acmmm2011/./1920x1200/flickr.mov

1496 	 3062 	 2143498245 	 7119360000 	 28477440000 	 1 	 4 	 23731200000 	 104417280000 	 25344000 	 119808000 	 2373120000 	 9492480000 	 554978304 	 2219913216 	 0 	 2373120000 	 0 	 62.3778	recordings/acmmm2011/./1920x1200/maps.mov

889 	 2186 	 985944867 	 4091904000 	 16367616000 	 1 	 4 	 13639680000 	 60014592000 	 25344000 	 119808000 	 1363968000 	 5455872000 	 268280064 	 1073120256 	 0 	 1363968000 	 0 	 50.0917	recordings/acmmm2011/./1920x1200/npr.mov

949 	 1290 	 146397811 	 995328000 	 3981312000 	 1 	 4 	 3317760000 	 14598144000 	 25344000 	 119808000 	 331776000 	 1327104000 	 59316480 	 237265920 	 0 	 331776000 	 0 	 42.3712	recordings/acmmm2011/./1920x1200/presentation.mov

1304 	 2662 	 1422655157 	 5736960000 	 22947840000 	 1 	 4 	 19123200000 	 84142080000 	 25344000 	 119808000 	 1912320000 	 7649280000 	 376413696 	 1505654784 	 0 	 1912320000 	 0 	 58.9083	recordings/acmmm2011/./1920x1200/slideshow.mov

1498 	 3196 	 882547868 	 7582464000 	 30329856000 	 1 	 4 	 25274880000 	 111209472000 	 25344000 	 119808000 	 2527488000 	 10109952000 	 242125056 	 968500224 	 0 	 2527488000 	 0 	 55.8246	recordings/acmmm2011/./1920x1200/xcode.mov

1052 	 2942 	 1646634861 	 6704640000 	 26818560000 	 1 	 4 	 22348800000 	 98334720000 	 25344000 	 119808000 	 2234880000 	 8939520000 	 432937728 	 1731750912 	 0 	 2234880000 	 0 	 47.6233	recordings/acmmm2011/./1920x1200/youtube.mov

946 	 2520 	 612066550 	 2950992000 	 11803968000 	 1 	 4 	 9836640000 	 43281216000 	 14256000 	 67392000 	 983664000 	 3934656000 	 164786400 	 659145600 	 0 	 983664000 	 0 	 55.3467	recordings/acmmm2011/./1440x900/desktop.mov

629 	 2050 	 358396091 	 2037312000 	 8149248000 	 1 	 4 	 6791040000 	 29880576000 	 14256000 	 67392000 	 679104000 	 2716416000 	 101865600 	 407462400 	 0 	 679104000 	 0 	 41.0028	recordings/acmmm2011/./1440x900/digg.mov

1249 	 2568 	 347361022 	 3044304000 	 12177216000 	 1 	 4 	 10147680000 	 44649792000 	 14256000 	 67392000 	 1014768000 	 4059072000 	 98897760 	 395591040 	 0 	 1014768000 	 0 	 53.2145	recordings/acmmm2011/./1440x900/document.mov

1019 	 2424 	 285551974 	 2764368000 	 11057472000 	 1 	 4 	 9214560000 	 40544064000 	 14256000 	 67392000 	 921456000 	 3685824000 	 83190240 	 332760960 	 0 	 921456000 	 0 	 58.9358	recordings/acmmm2011/./1440x900/email.mov

1005 	 2554 	 697522007 	 3017088000 	 12068352000 	 1 	 4 	 10056960000 	 44250624000 	 14256000 	 67392000 	 1005696000 	 4022784000 	 185955264 	 743821056 	 0 	 1005696000 	 0 	 53.1163	recordings/acmmm2011/./1440x900/flickr.mov

1496 	 3054 	 1065847333 	 3989088000 	 15956352000 	 1 	 4 	 13296960000 	 58506624000 	 14256000 	 67392000 	 1329696000 	 5318784000 	 275943024 	 1103772096 	 0 	 1329696000 	 0 	 51.2468	recordings/acmmm2011/./1440x900/maps.mov

889 	 2248 	 472443086 	 2422224000 	 9688896000 	 1 	 4 	 8074080000 	 35525952000 	 14256000 	 67392000 	 807408000 	 3229632000 	 129892896 	 519571584 	 0 	 807408000 	 0 	 46.6012	recordings/acmmm2011/./1440x900/npr.mov

949 	 1318 	 78859493 	 614304000 	 2457216000 	 1 	 4 	 2047680000 	 9009792000 	 14256000 	 67392000 	 204768000 	 819072000 	 32394816 	 129579264 	 0 	 204768000 	 0 	 42.3266	recordings/acmmm2011/./1440x900/presentation.mov

1304 	 2660 	 723123036 	 3223152000 	 12892608000 	 1 	 4 	 10743840000 	 47272896000 	 14256000 	 67392000 	 1074384000 	 4297536000 	 191823552 	 767294208 	 0 	 1074384000 	 0 	 58.6067	recordings/acmmm2011/./1440x900/slideshow.mov

1498 	 3158 	 418398813 	 4191264000 	 16765056000 	 1 	 4 	 13970880000 	 61471872000 	 14256000 	 67392000 	 1397088000 	 5588352000 	 116030880 	 464123520 	 0 	 1397088000 	 0 	 57.5632	recordings/acmmm2011/./1440x900/xcode.mov

1052 	 2942 	 879721077 	 3771360000 	 15085440000 	 1 	 4 	 12571200000 	 55313280000 	 14256000 	 67392000 	 1257120000 	 5028480000 	 231228432 	 924913728 	 0 	 1257120000 	 0 	 51.3003	recordings/acmmm2011/./1440x900/youtube.mov

946 	 2384 	 246002238 	 1194048000 	 4776192000 	 1 	 4 	 3980160000 	 17512704000 	 6336000 	 29952000 	 398016000 	 1592064000 	 66195648 	 264782592 	 0 	 398016000 	 0 	 54.1917	recordings/acmmm2011/./960x600/desktop.mov

629 	 1994 	 152273067 	 857088000 	 3428352000 	 1 	 4 	 2856960000 	 12570624000 	 6336000 	 29952000 	 285696000 	 1142784000 	 43159104 	 172636416 	 0 	 285696000 	 0 	 39.6317	recordings/acmmm2011/./960x600/digg.mov

1249 	 2460 	 143206132 	 1259712000 	 5038848000 	 1 	 4 	 4199040000 	 18475776000 	 6336000 	 29952000 	 419904000 	 1679616000 	 40701888 	 162807552 	 0 	 419904000 	 0 	 52.0156	recordings/acmmm2011/./960x600/document.mov

1019 	 2310 	 92378509 	 1130112000 	 4520448000 	 1 	 4 	 3767040000 	 16574976000 	 6336000 	 29952000 	 376704000 	 1506816000 	 28158336 	 112633344 	 0 	 376704000 	 0 	 54.7354	recordings/acmmm2011/./960x600/email.mov

1005 	 2446 	 286610057 	 1247616000 	 4990464000 	 1 	 4 	 4158720000 	 18298368000 	 6336000 	 29952000 	 415872000 	 1663488000 	 76169088 	 304676352 	 0 	 415872000 	 0 	 52.8235	recordings/acmmm2011/./960x600/flickr.mov

1496 	 2836 	 378136928 	 1584576000 	 6338304000 	 1 	 4 	 5281920000 	 23240448000 	 6336000 	 29952000 	 528192000 	 2112768000 	 98304192 	 393216768 	 0 	 528192000 	 0 	 51.1622	recordings/acmmm2011/./960x600/maps.mov

889 	 2158 	 199504553 	 998784000 	 3995136000 	 1 	 4 	 3329280000 	 14648832000 	 6336000 	 29952000 	 332928000 	 1331712000 	 54615168 	 218460672 	 0 	 332928000 	 0 	 49.4556	recordings/acmmm2011/./960x600/npr.mov

949 	 1228 	 26273180 	 195264000 	 781056000 	 1 	 4 	 650880000 	 2863872000 	 6336000 	 29952000 	 65088000 	 260352000 	 12151872 	 48607488 	 0 	 65088000 	 0 	 42.236	recordings/acmmm2011/./960x600/presentation.mov

1304 	 2440 	 244951430 	 1242432000 	 4969728000 	 1 	 4 	 4141440000 	 18222336000 	 6336000 	 29952000 	 414144000 	 1656576000 	 65660544 	 262642176 	 0 	 414144000 	 0 	 54.1187	recordings/acmmm2011/./960x600/slideshow.mov

1498 	 2880 	 149954926 	 1622592000 	 6490368000 	 1 	 4 	 5408640000 	 23798016000 	 6336000 	 29952000 	 540864000 	 2163456000 	 42228288 	 168913152 	 0 	 540864000 	 0 	 55.4316	recordings/acmmm2011/./960x600/xcode.mov

1052 	 2896 	 357073298 	 1636416000 	 6545664000 	 1 	 4 	 5454720000 	 24000768000 	 6336000 	 29952000 	 545472000 	 2181888000 	 93530880 	 374123520 	 0 	 545472000 	 0 	 53.9026	recordings/acmmm2011/./960x600/youtube.mov

